<?xml version="1.0" encoding="UTF-8"?>
<!-- Generated by org.testng.reporters.JUnitReportReporter -->
<testsuite ignored="0" hostname="DESKTOP-Q9KNP2H" failures="0" tests="1" name="pruebaSelenium.TestNGJC" time="7.184" errors="0" timestamp="18 mar. 2024 21:42:53 GMT" skipped="0">
  <testcase classname="pruebaSelenium.TestNGJC" name="f" time="7.184"/>
</testsuite> <!-- pruebaSelenium.TestNGJC -->
